v@'d
ve'zj
ve'de
vede'm
vede'tsj
v@'d
va'd@
v@zu't
vi'n
vi'j
vi'ne
veni'm
veni'tsj
vi'n
vi'n@
veni't
je's
je'Sj
je'se
jeSi'm
jeSi'tsj
je's
ja's@
jeSi't
po't
po'tsj
po`a'te
pute'm
pute'tsj
po't
po`a't@
putu't
tSe'r
tSe'rj
tSe're
tSe'rem
tSe'retsj
tSe'r
tSa'r@
tSeru't
po'rt
po'rtsj
po`a'rt@
purt@'m
purta'tsj
po`a'rt@
po`a'rte
purta't
fre'k
fre'tS
fre`a'k@
frek@'m
freka'tsj
fre`a'k@
fre'tSe
kje'm
kje'mj
kja'm@
kjem@'m
kjema'tsj
kja'm@
kja'm@
ka'l
ka'j
u'd
u'd@
u'de
u'zj
pro`a'sp@t
pro`a'sp@t@
pro`a'spetsj
pro`a'spete
o's
o`a'se
o`a'je
oj
ow
o'w@
pe'Ste
pe'Stj
o'kj
o'kj
kja'r
